# JRE version: OpenJDK Runtime Environment Homebrew (21.0.3) (build 21.0.3)
# Java VM: OpenJDK 64-Bit Server VM Homebrew (21.0.3, mixed mode, sharing, tiered, compressed oops, compressed class ptrs, g1 gc, bsd-aarch64)
Heap:
 garbage-first heap   total 231424K, used 132182K [0x0000000780000000, 0x0000000800000000)
  region size 1024K, 63 young (64512K), 7 survivors (7168K)
 Metaspace       used 15414K, committed 15744K, reserved 1114112K
  class space    used 1624K, committed 1792K, reserved 1048576K
GC Heap History (20 events):
Event: 580.705 GC heap before
{Heap before GC invocations=2 (full 0):
 garbage-first heap   total 133120K, used 104244K [0x0000000780000000, 0x0000000800000000)
  region size 1024K, 76 young (77824K), 4 survivors (4096K)
 Metaspace       used 14843K, committed 15104K, reserved 1114112K
  class space    used 1615K, committed 1728K, reserved 1048576K
}
Event: 580.739 GC heap after
{Heap after GC invocations=3 (full 0):
 garbage-first heap   total 133120K, used 35735K [0x0000000780000000, 0x0000000800000000)
  region size 1024K, 9 young (9216K), 9 survivors (9216K)
 Metaspace       used 14843K, committed 15104K, reserved 1114112K
  class space    used 1615K, committed 1728K, reserved 1048576K
}
Event: 1144.631 GC heap before
{Heap before GC invocations=3 (full 0):
 garbage-first heap   total 133120K, used 104343K [0x0000000780000000, 0x0000000800000000)
  region size 1024K, 76 young (77824K), 9 survivors (9216K)
 Metaspace       used 14846K, committed 15104K, reserved 1114112K
  class space    used 1615K, committed 1728K, reserved 1048576K
}
Event: 1144.679 GC heap after
{Heap after GC invocations=4 (full 0):
 garbage-first heap   total 133120K, used 33017K [0x0000000780000000, 0x0000000800000000)
  region size 1024K, 5 young (5120K), 5 survivors (5120K)
 Metaspace       used 14846K, committed 15104K, reserved 1114112K
  class space    used 1615K, committed 1728K, reserved 1048576K
}
Event: 1432.754 GC heap before
{Heap before GC invocations=4 (full 0):
 garbage-first heap   total 133120K, used 119033K [0x0000000780000000, 0x0000000800000000)
  region size 1024K, 76 young (77824K), 5 survivors (5120K)
 Metaspace       used 15140K, committed 15424K, reserved 1114112K
  class space    used 1620K, committed 1728K, reserved 1048576K
}
Event: 1432.766 GC heap after
{Heap after GC invocations=5 (full 0):
 garbage-first heap   total 133120K, used 48812K [0x0000000780000000, 0x0000000800000000)
  region size 1024K, 8 young (8192K), 8 survivors (8192K)
 Metaspace       used 15140K, committed 15424K, reserved 1114112K
  class space    used 1620K, committed 1728K, reserved 1048576K
}
Event: 1527.933 GC heap before
{Heap before GC invocations=5 (full 0):
 garbage-first heap   total 133120K, used 121516K [0x0000000780000000, 0x0000000800000000)
  region size 1024K, 66 young (67584K), 8 survivors (8192K)
 Metaspace       used 15312K, committed 15616K, reserved 1114112K
  class space    used 1623K, committed 1792K, reserved 1048576K
}
Event: 1527.990 GC heap after
{Heap after GC invocations=6 (full 0):
 garbage-first heap   total 133120K, used 54206K [0x0000000780000000, 0x0000000800000000)
  region size 1024K, 5 young (5120K), 5 survivors (5120K)
 Metaspace       used 15312K, committed 15616K, reserved 1114112K
  class space    used 1623K, committed 1792K, reserved 1048576K
}
Event: 1528.034 GC heap before
{Heap before GC invocations=6 (full 0):
 garbage-first heap   total 133120K, used 59326K [0x0000000780000000, 0x0000000800000000)
  region size 1024K, 7 young (7168K), 5 survivors (5120K)
 Metaspace       used 15313K, committed 15616K, reserved 1114112K
  class space    used 1623K, committed 1792K, reserved 1048576K
}
Event: 1528.036 GC heap after
{Heap after GC invocations=7 (full 0):
 garbage-first heap   total 133120K, used 44136K [0x0000000780000000, 0x0000000800000000)
  region size 1024K, 3 young (3072K), 3 survivors (3072K)
 Metaspace       used 15313K, committed 15616K, reserved 1114112K
  class space    used 1623K, committed 1792K, reserved 1048576K
}
Event: 1528.066 GC heap before
{Heap before GC invocations=7 (full 0):
 garbage-first heap   total 133120K, used 53352K [0x0000000780000000, 0x0000000800000000)
  region size 1024K, 5 young (5120K), 3 survivors (3072K)
 Metaspace       used 15313K, committed 15616K, reserved 1114112K
  class space    used 1623K, committed 1792K, reserved 1048576K
}
Event: 1528.071 GC heap after
{Heap after GC invocations=8 (full 0):
 garbage-first heap   total 133120K, used 48654K [0x0000000780000000, 0x0000000800000000)
  region size 1024K, 2 young (2048K), 2 survivors (2048K)
 Metaspace       used 15313K, committed 15616K, reserved 1114112K
  class space    used 1623K, committed 1792K, reserved 1048576K
}
Event: 1528.099 GC heap before
{Heap before GC invocations=8 (full 0):
 garbage-first heap   total 133120K, used 60942K [0x0000000780000000, 0x0000000800000000)
  region size 1024K, 4 young (4096K), 2 survivors (2048K)
 Metaspace       used 15313K, committed 15616K, reserved 1114112K
  class space    used 1623K, committed 1792K, reserved 1048576K
}
Event: 1528.100 GC heap after
{Heap after GC invocations=9 (full 0):
 garbage-first heap   total 133120K, used 47338K [0x0000000780000000, 0x0000000800000000)
  region size 1024K, 2 young (2048K), 2 survivors (2048K)
 Metaspace       used 15313K, committed 15616K, reserved 1114112K
  class space    used 1623K, committed 1792K, reserved 1048576K
}
Event: 1528.169 GC heap before
{Heap before GC invocations=9 (full 0):
 garbage-first heap   total 133120K, used 63722K [0x0000000780000000, 0x0000000800000000)
  region size 1024K, 4 young (4096K), 2 survivors (2048K)
 Metaspace       used 15319K, committed 15680K, reserved 1114112K
  class space    used 1623K, committed 1792K, reserved 1048576K
}
Event: 1528.173 GC heap after
{Heap after GC invocations=10 (full 0):
 garbage-first heap   total 133120K, used 51602K [0x0000000780000000, 0x0000000800000000)
  region size 1024K, 2 young (2048K), 2 survivors (2048K)
 Metaspace       used 15319K, committed 15680K, reserved 1114112K
  class space    used 1623K, committed 1792K, reserved 1048576K
}
Event: 1528.255 GC heap before
{Heap before GC invocations=10 (full 0):
 garbage-first heap   total 133120K, used 74130K [0x0000000780000000, 0x0000000800000000)
  region size 1024K, 4 young (4096K), 2 survivors (2048K)
 Metaspace       used 15321K, committed 15680K, reserved 1114112K
  class space    used 1623K, committed 1792K, reserved 1048576K
}
Event: 1528.260 GC heap after
{Heap after GC invocations=11 (full 0):
 garbage-first heap   total 231424K, used 57586K [0x0000000780000000, 0x0000000800000000)
  region size 1024K, 2 young (2048K), 2 survivors (2048K)
 Metaspace       used 15321K, committed 15680K, reserved 1114112K
  class space    used 1623K, committed 1792K, reserved 1048576K
}
Event: 2189.498 GC heap before
{Heap before GC invocations=11 (full 0):
 garbage-first heap   total 231424K, used 204018K [0x0000000780000000, 0x0000000800000000)
  region size 1024K, 112 young (114688K), 2 survivors (2048K)
 Metaspace       used 15414K, committed 15744K, reserved 1114112K
  class space    used 1624K, committed 1792K, reserved 1048576K
}
Event: 2189.534 GC heap after
{Heap after GC invocations=12 (full 0):
 garbage-first heap   total 231424K, used 75348K [0x0000000780000000, 0x0000000800000000)
  region size 1024K, 7 young (7168K), 7 survivors (7168K)
 Metaspace       used 15414K, committed 15744K, reserved 1114112K
  class space    used 1624K, committed 1792K, reserved 1048576K
}

